<?xml version="1.0" encoding="UTF-8"?>
<!-- Generated by org.testng.reporters.JUnitXMLReporter -->
<testsuite hostname="DESKTOP-KIR481R" ignored="1" name="Test" tests="2" failures="1" timestamp="2022-10-02T13:40:56 IST" time="61.864" errors="0">
  <testcase name="actiLoginscript" time="30.822" classname="scripts.actiLoginScript">
    <failure type="java.lang.AssertionError" message="null">
      <![CDATA[java.lang.AssertionError: null
at generic.webActionUtil.validateTitle(webActionUtil.java:47)
at scripts.actiLoginScript.actiLoginscript(actiLoginScript.java:15)
at java.util.ArrayList.forEach(Unknown Source)
... Removed 29 stack frames]]>
    </failure>
  </testcase> <!-- actiLoginscript -->
  <testcase name="addUsercript" time="9.912" classname="scripts.addUserScript"/>
  <testcase name="@AfterSuite killDriver" time="0.0" classname="generic.baseTest">
    <ignored/>
  </testcase> <!-- @AfterSuite killDriver -->
</testsuite> <!-- Test -->
